#
# There is insufficient memory for the Java Runtime Environment to continue.
# Native memory allocation (malloc) failed to allocate 804176 bytes for Chunk::new
# Possible reasons:
#   The system is out of physical RAM or swap space
#   The process is running with CompressedOops enabled, and the Java Heap may be blocking the growth of the native heap
# Possible solutions:
#   Reduce memory load on the system
#   Increase physical memory or swap space
#   Check if swap backing store is full
#   Decrease Java heap size (-Xmx/-Xms)
#   Decrease number of Java threads
#   Decrease Java thread stack sizes (-Xss)
#   Set larger code cache with -XX:ReservedCodeCacheSize=
#   JVM is running with Unscaled Compressed Oops mode in which the Java heap is
#     placed in the first 4GB address space. The Java Heap base address is the
#     maximum limit for the native heap growth. Please use -XX:HeapBaseMinAddress
#     to set the Java Heap base and to place the Java Heap above 4GB virtual address.
# This output file may be truncated or incomplete.
#
#  Out of Memory Error (allocation.cpp:389), pid=13940, tid=0x0000000000000990
#
# JRE version: OpenJDK Runtime Environment (8.0_212-b04) (build 1.8.0_212-release-1586-b04)
# Java VM: OpenJDK 64-Bit Server VM (25.212-b04 mixed mode windows-amd64 compressed oops)
# Failed to write core dump. Minidumps are not enabled by default on client versions of Windows
#

---------------  T H R E A D  ---------------

Current thread (0x00000000181d0800):  JavaThread "C2 CompilerThread1" daemon [_thread_in_native, id=2448, stack(0x0000000018ba0000,0x0000000018ca0000)]

Stack: [0x0000000018ba0000,0x0000000018ca0000]
[error occurred during error reporting (printing stack bounds), id 0xc0000005]

Native frames: (J=compiled Java code, j=interpreted, Vv=VM code, C=native code)


Current CompileTask:
C2:   3897 2384       4       java.net.URLClassLoader$1::run (5 bytes)


---------------  P R O C E S S  ---------------

Java Threads: ( => current thread )
  0x0000000019332000 JavaThread "Cache worker for cache directory md-rule (C:\Users\Nihal\.gradle\caches\5.6.4\md-rule)" [_thread_blocked, id=12356, stack(0x00000000210c0000,0x00000000211c0000)]
  0x0000000019331000 JavaThread "Cache worker for cache directory md-supplier (C:\Users\Nihal\.gradle\caches\5.6.4\md-supplier)" [_thread_blocked, id=13228, stack(0x0000000020fc0000,0x00000000210c0000)]
  0x000000001932f800 JavaThread "Cache worker for file hash cache (D:\Final year project\.gradle\5.6.4\fileHashes)" [_thread_blocked, id=8848, stack(0x000000001f260000,0x000000001f360000)]
  0x0000000019334800 JavaThread "Cache worker for journal cache (C:\Users\Nihal\.gradle\caches\journal-1)" [_thread_blocked, id=11844, stack(0x000000001cdc0000,0x000000001cec0000)]
  0x0000000019330800 JavaThread "File lock request listener" [_thread_in_native, id=11300, stack(0x000000001ccc0000,0x000000001cdc0000)]
  0x000000001a54c000 JavaThread "Cache worker for file hash cache (C:\Users\Nihal\.gradle\caches\5.6.4\fileHashes)" [_thread_blocked, id=10896, stack(0x000000001cbc0000,0x000000001ccc0000)]
  0x000000001ac30800 JavaThread "Thread-9" [_thread_blocked, id=10484, stack(0x000000001cac0000,0x000000001cbc0000)]
  0x000000001acca800 JavaThread "Stdin handler" [_thread_blocked, id=2800, stack(0x000000001c9c0000,0x000000001cac0000)]
  0x000000001acca000 JavaThread "Asynchronous log dispatcher for DefaultDaemonConnection: socket connection from /127.0.0.1:52091 to /127.0.0.1:52092" [_thread_blocked, id=11680, stack(0x000000001c7c0000,0x000000001c8c0000)]
  0x000000001ac55000 JavaThread "Daemon worker" [_thread_in_vm, id=6264, stack(0x000000001c6c0000,0x000000001c7c0000)]
  0x000000001ac53800 JavaThread "Cancel handler" [_thread_blocked, id=5872, stack(0x000000001c5c0000,0x000000001c6c0000)]
  0x000000001a86b000 JavaThread "Handler for socket connection from /127.0.0.1:52091 to /127.0.0.1:52092" [_thread_in_native, id=12424, stack(0x000000001c2c0000,0x000000001c3c0000)]
  0x000000001ac16000 JavaThread "Daemon" [_thread_blocked, id=12100, stack(0x000000001c1c0000,0x000000001c2c0000)]
  0x000000001ab48800 JavaThread "Daemon periodic checks" [_thread_blocked, id=11964, stack(0x000000001c0c0000,0x000000001c1c0000)]
  0x000000001ab46000 JavaThread "Incoming local TCP Connector on port 52091" [_thread_in_native, id=12544, stack(0x000000001be80000,0x000000001bf80000)]
  0x0000000018513000 JavaThread "Daemon health stats" [_thread_blocked, id=12256, stack(0x000000001b840000,0x000000001b940000)]
  0x00000000163be800 JavaThread "Service Thread" daemon [_thread_blocked, id=11872, stack(0x0000000018ea0000,0x0000000018fa0000)]
  0x00000000163bb000 JavaThread "C1 CompilerThread3" daemon [_thread_blocked, id=3336, stack(0x0000000018da0000,0x0000000018ea0000)]
  0x00000000181d1800 JavaThread "C2 CompilerThread2" daemon [_thread_in_native, id=11144, stack(0x0000000018ca0000,0x0000000018da0000)]
=>0x00000000181d0800 JavaThread "C2 CompilerThread1" daemon [_thread_in_native, id=2448, stack(0x0000000018ba0000,0x0000000018ca0000)]
  0x00000000181ce800 JavaThread "C2 CompilerThread0" daemon [_thread_in_native, id=800, stack(0x0000000018aa0000,0x0000000018ba0000)]
  0x00000000181cb800 JavaThread "Attach Listener" daemon [_thread_blocked, id=12804, stack(0x00000000189a0000,0x0000000018aa0000)]
  0x00000000181c8000 JavaThread "Signal Dispatcher" daemon [_thread_blocked, id=9532, stack(0x00000000188a0000,0x00000000189a0000)]
  0x00000000025ee000 JavaThread "Finalizer" daemon [_thread_blocked, id=9592, stack(0x00000000186a0000,0x00000000187a0000)]
  0x00000000025e5800 JavaThread "Reference Handler" daemon [_thread_blocked, id=13564, stack(0x00000000185a0000,0x00000000186a0000)]
  0x00000000024cd800 JavaThread "main" [_thread_blocked, id=2244, stack(0x0000000002380000,0x0000000002480000)]

Other Threads:
  0x00000000163a7000 VMThread [stack: 0x00000000180a0000,0x00000000181a0000] [id=7192]
  0x0000000018237000 WatcherThread [stack: 0x0000000018fa0000,0x00000000190a0000] [id=11192]

VM state:not at safepoint (normal execution)

VM Mutex/Monitor currently owned by a thread: None

heap address: 0x00000000a0000000, size: 1536 MB, Compressed Oops mode: 32-bit
Narrow klass base: 0x0000000000000000, Narrow klass shift: 3
Compressed class space size: 1073741824 Address: 0x0000000100000000

Heap:
 PSYoungGen      total 77312K, used 47040K [0x00000000e0000000, 0x00000000e5700000, 0x0000000100000000)
  eden space 66048K, 58% used [0x00000000e0000000,0x00000000e2601ef8,0x00000000e4080000)
  from space 11264K, 72% used [0x00000000e4080000,0x00000000e486e168,0x00000000e4b80000)
  to   space 10752K, 0% used [0x00000000e4b80000,0x00000000e4b80000,0x00000000e5600000)
 ParOldGen       total 60928K, used 9352K [0x00000000a0000000, 0x00000000a3b80000, 0x00000000e0000000)
  object space 60928K, 15% used [0x00000000a0000000,0x00000000a0922000,0x00000000a3b80000)
 Metaspace       used 30651K, capacity 31208K, committed 31616K, reserved 1077248K
  class space    used 4168K, capacity 4363K, committed 4480K, reserved 1048576K

Card table byte_map: [0x00000000119b0000,0x0000000011cc0000] byte_map_base: 0x00000000114b0000

Marking Bits: (ParMarkBitMap*) 0x0000000064f39f30
 Begin Bits: [0x00000000126c0000, 0x0000000013ec0000)
 End Bits:   [0x0000000013ec0000, 0x00000000156c0000)

Polling page: 0x0000000000550000

CodeCache: size=245760Kb used=9088Kb max_used=9095Kb free=236671Kb
 bounds [0x00000000025f0000, 0x0000000002ee0000, 0x00000000115f0000]
 total_blobs=3080 nmethods=2402 adapters=591
 compilation: enabled

Compilation events (10 events):
Event: 3.755 Thread 0x00000000163bb000 2383       3       org.objectweb.asm.Frame::setInputFrameFromDescriptor (175 bytes)
Event: 3.755 Thread 0x00000000163bb000 nmethod 2383 0x0000000002ec5ad0 code [0x0000000002ec5ca0, 0x0000000002ec6578]
Event: 3.757 Thread 0x00000000181d0800 2384       4       java.net.URLClassLoader$1::run (5 bytes)
Event: 3.758 Thread 0x00000000181d1800 nmethod 2382 0x0000000002ec5310 code [0x0000000002ec5460, 0x0000000002ec57f8]
Event: 3.760 Thread 0x00000000163bb000 2385       3       java.util.ArrayList::indexOf (67 bytes)
Event: 3.760 Thread 0x00000000163bb000 nmethod 2385 0x0000000002ec28d0 code [0x0000000002ec2a60, 0x0000000002ec2f28]
Event: 3.781 Thread 0x00000000163bb000 2386       3       org.gradle.internal.logging.slf4j.OutputEventListenerBackedLogger::isDebugEnabled (8 bytes)
Event: 3.782 Thread 0x00000000163bb000 nmethod 2386 0x0000000002eca210 code [0x0000000002eca3a0, 0x0000000002eca868]
Event: 3.795 Thread 0x00000000163bb000 2387       1       java.util.TreeMap$Entry::getKey (5 bytes)
Event: 3.795 Thread 0x00000000163bb000 nmethod 2387 0x0000000002ec5050 code [0x0000000002ec51a0, 0x0000000002ec52b0]

GC Heap History (10 events):
Event: 2.074 GC heap before
{Heap before GC invocations=4 (full 0):
 PSYoungGen      total 38400K, used 38388K [0x00000000e0000000, 0x00000000e2a80000, 0x0000000100000000)
  eden space 33280K, 100% used [0x00000000e0000000,0x00000000e2080000,0x00000000e2080000)
  from space 5120K, 99% used [0x00000000e2080000,0x00000000e257d378,0x00000000e2580000)
  to   space 5120K, 0% used [0x00000000e2580000,0x00000000e2580000,0x00000000e2a80000)
 ParOldGen       total 87552K, used 1582K [0x00000000a0000000, 0x00000000a5580000, 0x00000000e0000000)
  object space 87552K, 1% used [0x00000000a0000000,0x00000000a018bbc8,0x00000000a5580000)
 Metaspace       used 14695K, capacity 15066K, committed 15360K, reserved 1062912K
  class space    used 2066K, capacity 2193K, committed 2304K, reserved 1048576K
Event: 2.080 GC heap after
Heap after GC invocations=4 (full 0):
 PSYoungGen      total 38400K, used 5104K [0x00000000e0000000, 0x00000000e4b00000, 0x0000000100000000)
  eden space 33280K, 0% used [0x00000000e0000000,0x00000000e0000000,0x00000000e2080000)
  from space 5120K, 99% used [0x00000000e2580000,0x00000000e2a7c030,0x00000000e2a80000)
  to   space 5120K, 0% used [0x00000000e2080000,0x00000000e2080000,0x00000000e2580000)
 ParOldGen       total 87552K, used 4030K [0x00000000a0000000, 0x00000000a5580000, 0x00000000e0000000)
  object space 87552K, 4% used [0x00000000a0000000,0x00000000a03ef998,0x00000000a5580000)
 Metaspace       used 14695K, capacity 15066K, committed 15360K, reserved 1062912K
  class space    used 2066K, capacity 2193K, committed 2304K, reserved 1048576K
}
Event: 2.505 GC heap before
{Heap before GC invocations=5 (full 0):
 PSYoungGen      total 38400K, used 38384K [0x00000000e0000000, 0x00000000e4b00000, 0x0000000100000000)
  eden space 33280K, 100% used [0x00000000e0000000,0x00000000e2080000,0x00000000e2080000)
  from space 5120K, 99% used [0x00000000e2580000,0x00000000e2a7c030,0x00000000e2a80000)
  to   space 5120K, 0% used [0x00000000e2080000,0x00000000e2080000,0x00000000e2580000)
 ParOldGen       total 87552K, used 4030K [0x00000000a0000000, 0x00000000a5580000, 0x00000000e0000000)
  object space 87552K, 4% used [0x00000000a0000000,0x00000000a03ef9b8,0x00000000a5580000)
 Metaspace       used 17798K, capacity 18244K, committed 18432K, reserved 1064960K
  class space    used 2564K, capacity 2724K, committed 2816K, reserved 1048576K
Event: 2.515 GC heap after
Heap after GC invocations=5 (full 0):
 PSYoungGen      total 38400K, used 5088K [0x00000000e0000000, 0x00000000e5600000, 0x0000000100000000)
  eden space 33280K, 0% used [0x00000000e0000000,0x00000000e0000000,0x00000000e2080000)
  from space 5120K, 99% used [0x00000000e2080000,0x00000000e2578020,0x00000000e2580000)
  to   space 10752K, 0% used [0x00000000e4b80000,0x00000000e4b80000,0x00000000e5600000)
 ParOldGen       total 87552K, used 7782K [0x00000000a0000000, 0x00000000a5580000, 0x00000000e0000000)
  object space 87552K, 8% used [0x00000000a0000000,0x00000000a0799a80,0x00000000a5580000)
 Metaspace       used 17798K, capacity 18244K, committed 18432K, reserved 1064960K
  class space    used 2564K, capacity 2724K, committed 2816K, reserved 1048576K
}
Event: 2.856 GC heap before
{Heap before GC invocations=6 (full 0):
 PSYoungGen      total 38400K, used 31153K [0x00000000e0000000, 0x00000000e5600000, 0x0000000100000000)
  eden space 33280K, 78% used [0x00000000e0000000,0x00000000e19744d0,0x00000000e2080000)
  from space 5120K, 99% used [0x00000000e2080000,0x00000000e2578020,0x00000000e2580000)
  to   space 10752K, 0% used [0x00000000e4b80000,0x00000000e4b80000,0x00000000e5600000)
 ParOldGen       total 87552K, used 7782K [0x00000000a0000000, 0x00000000a5580000, 0x00000000e0000000)
  object space 87552K, 8% used [0x00000000a0000000,0x00000000a0799a80,0x00000000a5580000)
 Metaspace       used 20631K, capacity 21126K, committed 21296K, reserved 1067008K
  class space    used 2978K, capacity 3161K, committed 3200K, reserved 1048576K
Event: 2.866 GC heap after
Heap after GC invocations=6 (full 0):
 PSYoungGen      total 76800K, used 8600K [0x00000000e0000000, 0x00000000e5700000, 0x0000000100000000)
  eden space 66048K, 0% used [0x00000000e0000000,0x00000000e0000000,0x00000000e4080000)
  from space 10752K, 79% used [0x00000000e4b80000,0x00000000e53e61c8,0x00000000e5600000)
  to   space 11264K, 0% used [0x00000000e4080000,0x00000000e4080000,0x00000000e4b80000)
 ParOldGen       total 87552K, used 7790K [0x00000000a0000000, 0x00000000a5580000, 0x00000000e0000000)
  object space 87552K, 8% used [0x00000000a0000000,0x00000000a079ba80,0x00000000a5580000)
 Metaspace       used 20631K, capacity 21126K, committed 21296K, reserved 1067008K
  class space    used 2978K, capacity 3161K, committed 3200K, reserved 1048576K
}
Event: 2.866 GC heap before
{Heap before GC invocations=7 (full 1):
 PSYoungGen      total 76800K, used 8600K [0x00000000e0000000, 0x00000000e5700000, 0x0000000100000000)
  eden space 66048K, 0% used [0x00000000e0000000,0x00000000e0000000,0x00000000e4080000)
  from space 10752K, 79% used [0x00000000e4b80000,0x00000000e53e61c8,0x00000000e5600000)
  to   space 11264K, 0% used [0x00000000e4080000,0x00000000e4080000,0x00000000e4b80000)
 ParOldGen       total 87552K, used 7790K [0x00000000a0000000, 0x00000000a5580000, 0x00000000e0000000)
  object space 87552K, 8% used [0x00000000a0000000,0x00000000a079ba80,0x00000000a5580000)
 Metaspace       used 20631K, capacity 21126K, committed 21296K, reserved 1067008K
  class space    used 2978K, capacity 3161K, committed 3200K, reserved 1048576K
Event: 2.902 GC heap after
Heap after GC invocations=7 (full 1):
 PSYoungGen      total 76800K, used 0K [0x00000000e0000000, 0x00000000e5700000, 0x0000000100000000)
  eden space 66048K, 0% used [0x00000000e0000000,0x00000000e0000000,0x00000000e4080000)
  from space 10752K, 0% used [0x00000000e4b80000,0x00000000e4b80000,0x00000000e5600000)
  to   space 11264K, 0% used [0x00000000e4080000,0x00000000e4080000,0x00000000e4b80000)
 ParOldGen       total 60928K, used 9333K [0x00000000a0000000, 0x00000000a3b80000, 0x00000000e0000000)
  object space 60928K, 15% used [0x00000000a0000000,0x00000000a091d460,0x00000000a3b80000)
 Metaspace       used 20631K, capacity 21126K, committed 21296K, reserved 1067008K
  class space    used 2978K, capacity 3161K, committed 3200K, reserved 1048576K
}
Event: 3.625 GC heap before
{Heap before GC invocations=8 (full 1):
 PSYoungGen      total 76800K, used 66048K [0x00000000e0000000, 0x00000000e5700000, 0x0000000100000000)
  eden space 66048K, 100% used [0x00000000e0000000,0x00000000e4080000,0x00000000e4080000)
  from space 10752K, 0% used [0x00000000e4b80000,0x00000000e4b80000,0x00000000e5600000)
  to   space 11264K, 0% used [0x00000000e4080000,0x00000000e4080000,0x00000000e4b80000)
 ParOldGen       total 60928K, used 9344K [0x00000000a0000000, 0x00000000a3b80000, 0x00000000e0000000)
  object space 60928K, 15% used [0x00000000a0000000,0x00000000a0920000,0x00000000a3b80000)
 Metaspace       used 29017K, capacity 29552K, committed 29952K, reserved 1075200K
  class space    used 3909K, capacity 4067K, committed 4096K, reserved 1048576K
Event: 3.633 GC heap after
Heap after GC invocations=8 (full 1):
 PSYoungGen      total 77312K, used 8120K [0x00000000e0000000, 0x00000000e5700000, 0x0000000100000000)
  eden space 66048K, 0% used [0x00000000e0000000,0x00000000e0000000,0x00000000e4080000)
  from space 11264K, 72% used [0x00000000e4080000,0x00000000e486e168,0x00000000e4b80000)
  to   space 10752K, 0% used [0x00000000e4b80000,0x00000000e4b80000,0x00000000e5600000)
 ParOldGen       total 60928K, used 9352K [0x00000000a0000000, 0x00000000a3b80000, 0x00000000e0000000)
  object space 60928K, 15% used [0x00000000a0000000,0x00000000a0922000,0x00000000a3b80000)
 Metaspace       used 29017K, capacity 29552K, committed 29952K, reserved 1075200K
  class space    used 3909K, capacity 4067K, committed 4096K, reserved 1048576K
}

Deoptimization events (10 events):
Event: 3.383 Thread 0x000000001ac55000 Uncommon trap: reason=unstable_if action=reinterpret pc=0x0000000002a9b360 method=java.util.HashMap.hash(Ljava/lang/Object;)I @ 1
Event: 3.430 Thread 0x000000001ac55000 Uncommon trap: reason=unstable_if action=reinterpret pc=0x000000000286d000 method=java.util.HashMap.getNode(ILjava/lang/Object;)Ljava/util/HashMap$Node; @ 53
Event: 3.430 Thread 0x000000001ac55000 Uncommon trap: reason=unstable_if action=reinterpret pc=0x0000000002ad8950 method=java.util.HashMap.hash(Ljava/lang/Object;)I @ 1
Event: 3.467 Thread 0x000000001ac55000 Uncommon trap: reason=unstable_if action=reinterpret pc=0x00000000028c62f0 method=java.util.LinkedHashMap.afterNodeInsertion(Z)V @ 1
Event: 3.522 Thread 0x000000001ac55000 Uncommon trap: reason=unstable_if action=reinterpret pc=0x0000000002e31a44 method=org.gradle.internal.reflect.PropertyAccessorType.isGetGetterName(Ljava/lang/String;)Z @ 14
Event: 3.604 Thread 0x000000001ac55000 Uncommon trap: reason=class_check action=maybe_recompile pc=0x0000000002c27534 method=sun.misc.URLClassPath.getLoader(I)Lsun/misc/URLClassPath$Loader; @ 94
Event: 3.612 Thread 0x000000001ac55000 Uncommon trap: reason=class_check action=maybe_recompile pc=0x0000000002c2af7c method=sun.misc.URLClassPath.getLoader(I)Lsun/misc/URLClassPath$Loader; @ 239
Event: 3.633 Thread 0x00000000025e5800 Uncommon trap: reason=unstable_if action=reinterpret pc=0x0000000002af2f7c method=java.lang.ref.Reference.tryHandlePending(Z)Z @ 104
Event: 3.677 Thread 0x000000001ac55000 Uncommon trap: reason=unstable_if action=reinterpret pc=0x000000000288360c method=java.io.WinNTFileSystem.resolve(Ljava/lang/String;Ljava/lang/String;)Ljava/lang/String; @ 49
Event: 3.705 Thread 0x000000001ac55000 Uncommon trap: reason=unstable_if action=reinterpret pc=0x0000000002e86024 method=org.codehaus.groovy.runtime.metaclass.MetaMethodIndex.addMethodToList(Ljava/lang/Object;Lgroovy/lang/MetaMethod;)Ljava/lang/Object; @ 226

Classes redefined (0 events):
No events

Internal exceptions (10 events):
Event: 3.718 Thread 0x000000001ac55000 Exception <a 'java/lang/ClassNotFoundException': org/gradle/api/internal/DefaultNamedDomainObjectCollectionBeanInfo> (0x00000000e0d8bb58) thrown at [D:\src\AOSP-openjdk-cygwin\jdk8u\hotspot\src\share\vm\classfile\systemDictionary.cpp, line 210]
Event: 3.718 Thread 0x000000001ac55000 Exception <a 'java/lang/ClassNotFoundException': org/gradle/api/internal/DefaultDomainObjectCollectionBeanInfo> (0x00000000e0dbfb90) thrown at [D:\src\AOSP-openjdk-cygwin\jdk8u\hotspot\src\share\vm\classfile\systemDictionary.cpp, line 210]
Event: 3.718 Thread 0x000000001ac55000 Exception <a 'java/lang/ClassNotFoundException': java/util/AbstractCollectionBeanInfo> (0x00000000e0dc42e8) thrown at [D:\src\AOSP-openjdk-cygwin\jdk8u\hotspot\src\share\vm\classfile\systemDictionary.cpp, line 210]
Event: 3.719 Thread 0x000000001ac55000 Exception <a 'java/lang/ClassNotFoundException': java/util/AbstractCollectionCustomizer> (0x00000000e0dc8a50) thrown at [D:\src\AOSP-openjdk-cygwin\jdk8u\hotspot\src\share\vm\classfile\systemDictionary.cpp, line 210]
Event: 3.721 Thread 0x000000001ac55000 Exception <a 'java/lang/ClassNotFoundException': org/gradle/api/internal/DefaultDomainObjectCollectionCustomizer> (0x00000000e0e08160) thrown at [D:\src\AOSP-openjdk-cygwin\jdk8u\hotspot\src\share\vm\classfile\systemDictionary.cpp, line 210]
Event: 3.722 Thread 0x000000001ac55000 Exception <a 'java/lang/ClassNotFoundException': org/gradle/api/internal/DefaultNamedDomainObjectCollectionCustomizer> (0x00000000e0e661f8) thrown at [D:\src\AOSP-openjdk-cygwin\jdk8u\hotspot\src\share\vm\classfile\systemDictionary.cpp, line 210]
Event: 3.724 Thread 0x000000001ac55000 Exception <a 'java/lang/ClassNotFoundException': org/gradle/api/internal/DefaultNamedDomainObjectListCustomizer> (0x00000000e0ed9a88) thrown at [D:\src\AOSP-openjdk-cygwin\jdk8u\hotspot\src\share\vm\classfile\systemDictionary.cpp, line 210]
Event: 3.725 Thread 0x000000001ac55000 Exception <a 'java/lang/ClassNotFoundException': org/gradle/api/internal/artifacts/DefaultArtifactRepositoryContainerCustomizer> (0x00000000e0f4f0f8) thrown at [D:\src\AOSP-openjdk-cygwin\jdk8u\hotspot\src\share\vm\classfile\systemDictionary.cpp, line 210
Event: 3.726 Thread 0x000000001ac55000 Exception <a 'java/lang/ClassNotFoundException': org/gradle/api/internal/artifacts/dsl/DefaultRepositoryHandlerCustomizer> (0x00000000e0fb4d38) thrown at [D:\src\AOSP-openjdk-cygwin\jdk8u\hotspot\src\share\vm\classfile\systemDictionary.cpp, line 210]
Event: 3.727 Thread 0x000000001ac55000 Exception <a 'java/lang/ClassNotFoundException': org/gradle/api/internal/artifacts/dsl/DefaultRepositoryHandler_DecoratedCustomizer> (0x00000000e1030f98) thrown at [D:\src\AOSP-openjdk-cygwin\jdk8u\hotspot\src\share\vm\classfile\systemDictionary.cpp, line

Events (10 events):
Event: 3.800 loading class org/gradle/api/internal/artifacts/ivyservice/resolveengine/excludes/factories/OptimizingExcludeFactory
Event: 3.800 loading class org/gradle/api/internal/artifacts/ivyservice/resolveengine/excludes/factories/OptimizingExcludeFactory done
Event: 3.801 loading class org/gradle/api/internal/artifacts/ivyservice/resolveengine/excludes/factories/DelegatingExcludeFactory
Event: 3.801 loading class org/gradle/api/internal/artifacts/ivyservice/resolveengine/excludes/factories/DelegatingExcludeFactory done
Event: 3.802 loading class org/gradle/api/internal/artifacts/ivyservice/resolveengine/excludes/factories/CachingExcludeFactory
Event: 3.802 loading class org/gradle/api/internal/artifacts/ivyservice/resolveengine/excludes/factories/CachingExcludeFactory done
Event: 3.802 loading class org/gradle/api/internal/artifacts/ivyservice/resolveengine/excludes/factories/NormalizingExcludeFactory
Event: 3.802 loading class org/gradle/api/internal/artifacts/ivyservice/resolveengine/excludes/factories/NormalizingExcludeFactory done
Event: 3.804 loading class org/gradle/api/internal/artifacts/ivyservice/resolveengine/excludes/simple/DefaultExcludeFactory
Event: 3.804 loading class org/gradle/api/internal/artifacts/ivyservice/resolveengine/excludes/simple/DefaultExcludeFactory done


Dynamic libraries:
0x00007ff640e30000 - 0x00007ff640e61000 	D:\android\jre\bin\java.exe
0x00007ffeb55e0000 - 0x00007ffeb57d0000 	C:\Windows\SYSTEM32\ntdll.dll
0x00007ffeb3c50000 - 0x00007ffeb3d02000 	C:\Windows\System32\KERNEL32.DLL
0x00007ffeb3030000 - 0x00007ffeb32d3000 	C:\Windows\System32\KERNELBASE.dll
0x00007ffeb52c0000 - 0x00007ffeb5363000 	C:\Windows\System32\ADVAPI32.dll
0x00007ffeb5070000 - 0x00007ffeb510e000 	C:\Windows\System32\msvcrt.dll
0x00007ffeb46c0000 - 0x00007ffeb4757000 	C:\Windows\System32\sechost.dll
0x00007ffeb4310000 - 0x00007ffeb4430000 	C:\Windows\System32\RPCRT4.dll
0x00007ffeb5120000 - 0x00007ffeb52b4000 	C:\Windows\System32\USER32.dll
0x00007ffeb2da0000 - 0x00007ffeb2dc1000 	C:\Windows\System32\win32u.dll
0x00007ffeb37d0000 - 0x00007ffeb37f6000 	C:\Windows\System32\GDI32.dll
0x00007ffeb32e0000 - 0x00007ffeb3474000 	C:\Windows\System32\gdi32full.dll
0x00007ffeb35a0000 - 0x00007ffeb363e000 	C:\Windows\System32\msvcp_win.dll
0x00007ffeb3480000 - 0x00007ffeb357a000 	C:\Windows\System32\ucrtbase.dll
0x00007ffe9b630000 - 0x00007ffe9b8b5000 	C:\Windows\WinSxS\amd64_microsoft.windows.common-controls_6595b64144ccf1df_6.0.18362.719_none_e6c7b883130c6729\COMCTL32.dll
0x00007ffeb38e0000 - 0x00007ffeb3c16000 	C:\Windows\System32\combase.dll
0x00007ffeb2e00000 - 0x00007ffeb2e80000 	C:\Windows\System32\bcryptPrimitives.dll
0x00007ffeb3c20000 - 0x00007ffeb3c4e000 	C:\Windows\System32\IMM32.DLL
0x00000000645b0000 - 0x0000000064682000 	D:\android\jre\jre\bin\msvcr100.dll
0x0000000064770000 - 0x0000000064fb6000 	D:\android\jre\jre\bin\server\jvm.dll
0x00007ffeb5110000 - 0x00007ffeb5118000 	C:\Windows\System32\PSAPI.DLL
0x00007ffead050000 - 0x00007ffead074000 	C:\Windows\SYSTEM32\WINMM.dll
0x00007ffeacfe0000 - 0x00007ffeacfea000 	C:\Windows\SYSTEM32\VERSION.dll
0x00007ffe9ac20000 - 0x00007ffe9ac29000 	C:\Windows\SYSTEM32\WSOCK32.dll
0x00007ffeb4f40000 - 0x00007ffeb4faf000 	C:\Windows\System32\WS2_32.dll
0x00007ffead020000 - 0x00007ffead04d000 	C:\Windows\SYSTEM32\WINMMBASE.dll
0x00007ffeb3640000 - 0x00007ffeb368a000 	C:\Windows\System32\cfgmgr32.dll
0x00007ffeadc50000 - 0x00007ffeadc5f000 	D:\android\jre\jre\bin\verify.dll
0x00007ffea45a0000 - 0x00007ffea45c9000 	D:\android\jre\jre\bin\java.dll
0x00007ffea4580000 - 0x00007ffea4596000 	D:\android\jre\jre\bin\zip.dll
0x00007ffeb4830000 - 0x00007ffeb4f15000 	C:\Windows\System32\SHELL32.dll
0x00007ffeb44b0000 - 0x00007ffeb4559000 	C:\Windows\System32\shcore.dll
0x00007ffeb2570000 - 0x00007ffeb2cf0000 	C:\Windows\System32\windows.storage.dll
0x00007ffeb24b0000 - 0x00007ffeb24d3000 	C:\Windows\System32\profapi.dll
0x00007ffeb2520000 - 0x00007ffeb256a000 	C:\Windows\System32\powrprof.dll
0x00007ffeb24a0000 - 0x00007ffeb24b0000 	C:\Windows\System32\UMPDC.dll
0x00007ffeb5010000 - 0x00007ffeb5062000 	C:\Windows\System32\shlwapi.dll
0x00007ffeb24e0000 - 0x00007ffeb24f1000 	C:\Windows\System32\kernel.appcore.dll
0x00007ffeb3580000 - 0x00007ffeb3597000 	C:\Windows\System32\cryptsp.dll
0x00007ffea4560000 - 0x00007ffea457a000 	D:\android\jre\jre\bin\net.dll
0x00007ffea4d30000 - 0x00007ffea4f05000 	C:\Windows\SYSTEM32\urlmon.dll
0x00007ffea4a80000 - 0x00007ffea4d26000 	C:\Windows\SYSTEM32\iertutil.dll
0x00007ffeb1ee0000 - 0x00007ffeb1eec000 	C:\Windows\SYSTEM32\CRYPTBASE.DLL
0x00007ffeb1d10000 - 0x00007ffeb1d77000 	C:\Windows\system32\mswsock.dll
0x00007ffea4540000 - 0x00007ffea4553000 	D:\android\jre\jre\bin\nio.dll
0x00007ffea46a0000 - 0x00007ffea46c6000 	C:\Users\Nihal\.gradle\native\30\windows-amd64\native-platform.dll
0x00007ffeac990000 - 0x00007ffeac99d000 	D:\android\jre\jre\bin\management.dll
0x00007ffeb1880000 - 0x00007ffeb18b3000 	C:\Windows\system32\rsaenh.dll
0x00007ffeb2dd0000 - 0x00007ffeb2df6000 	C:\Windows\System32\bcrypt.dll
0x00007ffeb23c0000 - 0x00007ffeb23e5000 	C:\Windows\SYSTEM32\USERENV.dll
0x00007ffeb1a20000 - 0x00007ffeb1a5a000 	C:\Windows\SYSTEM32\IPHLPAPI.DLL
0x00007ffeb4250000 - 0x00007ffeb4258000 	C:\Windows\System32\NSI.dll
0x00007ffeab750000 - 0x00007ffeab766000 	C:\Windows\SYSTEM32\dhcpcsvc6.DLL
0x00007ffeab930000 - 0x00007ffeab94c000 	C:\Windows\SYSTEM32\dhcpcsvc.DLL
0x00007ffeb1a60000 - 0x00007ffeb1b2a000 	C:\Windows\SYSTEM32\DNSAPI.dll

VM Arguments:
jvm_args: -Xmx1536m -Dfile.encoding=windows-1252 -Duser.country=IN -Duser.language=en -Duser.variant 
java_command: org.gradle.launcher.daemon.bootstrap.GradleDaemon 5.6.4
java_class_path (initial): C:\Users\Nihal\.gradle\wrapper\dists\gradle-5.6.4-all\ankdp27end7byghfw1q2sw75f\gradle-5.6.4\lib\gradle-launcher-5.6.4.jar
Launcher Type: SUN_STANDARD

Environment Variables:
PATH=C:\Program Files (x86)\Common Files\Intel\Shared Libraries\redist\intel64\compiler;C:\oraclexe\app\oracle\product\10.2.0\server\bin;C:\Program Files (x86)\Common Files\Oracle\Java\javapath;C:\Windows\system32;C:\Windows;C:\Windows\System32\Wbem;C:\Windows\System32\WindowsPowerShell\v1.0\;C:\Windows\System32\OpenSSH\;C:\Program Files\Git\cmd;C:\Program Files (x86)\Windows Live\Shared;C:\Program Files (x86)\Intel\Intel(R) Management Engine Components\DAL;C:\Program Files\Intel\Intel(R) Management Engine Components\DAL;C:\Users\Nihal\AppData\Local\Microsoft\WindowsApps;
USERNAME=Nihal
OS=Windows_NT
PROCESSOR_IDENTIFIER=Intel64 Family 6 Model 142 Stepping 10, GenuineIntel



---------------  S Y S T E M  ---------------

OS: Windows 10.0 , 64 bit Build 18362 (10.0.18362.329)

CPU:total 8 (initial active 8) (4 cores per cpu, 2 threads per core) family 6 model 142 stepping 10, cmov, cx8, fxsr, mmx, sse, sse2, sse3, ssse3, sse4.1, sse4.2, popcnt, avx, avx2, aes, clmul, erms, 3dnowpref, lzcnt, ht, tsc, tscinvbit, bmi1, bmi2, adx

Memory: 4k page, physical 8283900k(434940k free), swap 16672508k(31040k free)

vm_info: OpenJDK 64-Bit Server VM (25.212-b04) for windows-amd64 JRE (1.8.0_212-release-1586-b04), built by "builder" with MS VC++ 10.0 (VS2010)

time: Fri Mar 13 00:54:02 2020
timezone: India Standard Time
elapsed time: 3 seconds (0d 0h 0m 3s)

